<?xml version="1.0" encoding="UTF-8"?>
<testng-results total="4" passed="4" failed="0" skipped="0">
  <reporter-output>
  </reporter-output>
  <suite started-at="2019-11-25T16:13:48Z" name="Default suite" finished-at="2019-11-25T16:14:05Z" duration-ms="16837">
    <groups>
      <group name="password">
        <method signature="com.gmail.testcases.GmailLoginTestcases.verifyPasswordCase1()" name="verifyPasswordCase1" class="com.gmail.testcases.GmailLoginTestcases"/>
        <method signature="com.gmail.testcases.GmailLoginTestcases.verifyPasswordCase2()" name="verifyPasswordCase2" class="com.gmail.testcases.GmailLoginTestcases"/>
      </group>
      <group name="usename">
        <method signature="com.gmail.testcases.GmailLoginTestcases.verifyUserNameCase1()" name="verifyUserNameCase1" class="com.gmail.testcases.GmailLoginTestcases"/>
        <method signature="com.gmail.testcases.GmailLoginTestcases.verifyUserNameCase2()" name="verifyUserNameCase2" class="com.gmail.testcases.GmailLoginTestcases"/>
      </group>
    </groups>
    <test started-at="2019-11-25T16:13:48Z" name="Default test" finished-at="2019-11-25T16:14:05Z" duration-ms="16837">
      <class name="com.gmail.testcases.GmailLoginTestcases">
        <test-method is-config="true" signature="setupSuite()" started-at="2019-11-25T16:13:47Z" name="setupSuite" finished-at="2019-11-25T16:13:48Z" duration-ms="510" status="PASS">
        </test-method>
        <test-method is-config="true" signature="setup()" started-at="2019-11-25T16:13:48Z" name="setup" finished-at="2019-11-25T16:14:00Z" duration-ms="12411" status="PASS">
        </test-method>
        <test-method is-config="true" signature="initialiseElements()" started-at="2019-11-25T16:14:00Z" name="initialiseElements" finished-at="2019-11-25T16:14:00Z" duration-ms="37" status="PASS">
        </test-method>
        <test-method signature="verifyUserNameCase1()" started-at="2019-11-25T16:14:00Z" name="verifyUserNameCase1" finished-at="2019-11-25T16:14:01Z" duration-ms="594" status="PASS">
        </test-method>
        <test-method is-config="true" signature="tearDownMethod(org.testng.ITestResult)" started-at="2019-11-25T16:14:01Z" name="tearDownMethod" finished-at="2019-11-25T16:14:01Z" duration-ms="597" status="PASS">
          <params>
            <param index="0">
              <value>
                <![CDATA[[TestResult: verifyUserNameCase1 STATUS:SUCCESS METHOD:com.gmail.testcases.GmailLoginTestcases.verifyUserNameCase1()]
]]>
              </value>
            </param>
          </params>
        </test-method>
        <test-method is-config="true" signature="initialiseElements()" started-at="2019-11-25T16:14:01Z" name="initialiseElements" finished-at="2019-11-25T16:14:01Z" duration-ms="0" status="PASS">
        </test-method>
        <test-method signature="verifyUserNameCase2()" started-at="2019-11-25T16:14:01Z" name="verifyUserNameCase2" finished-at="2019-11-25T16:14:02Z" duration-ms="571" status="PASS">
        </test-method>
        <test-method is-config="true" signature="tearDownMethod(org.testng.ITestResult)" started-at="2019-11-25T16:14:02Z" name="tearDownMethod" finished-at="2019-11-25T16:14:03Z" duration-ms="480" status="PASS">
          <params>
            <param index="0">
              <value>
                <![CDATA[[TestResult: verifyUserNameCase2 STATUS:SUCCESS METHOD:com.gmail.testcases.GmailLoginTestcases.verifyUserNameCase2()]
]]>
              </value>
            </param>
          </params>
        </test-method>
        <test-method is-config="true" signature="initialiseElements()" started-at="2019-11-25T16:14:03Z" name="initialiseElements" finished-at="2019-11-25T16:14:03Z" duration-ms="1" status="PASS">
        </test-method>
        <test-method signature="verifyPasswordCase1()" started-at="2019-11-25T16:14:03Z" name="verifyPasswordCase1" depends-on-groups="usename" finished-at="2019-11-25T16:14:03Z" duration-ms="538" status="PASS">
        </test-method>
        <test-method is-config="true" signature="tearDownMethod(org.testng.ITestResult)" started-at="2019-11-25T16:14:03Z" name="tearDownMethod" finished-at="2019-11-25T16:14:03Z" duration-ms="329" status="PASS">
          <params>
            <param index="0">
              <value>
                <![CDATA[[TestResult: verifyPasswordCase1 STATUS:SUCCESS METHOD:com.gmail.testcases.GmailLoginTestcases.verifyPasswordCase1()]
]]>
              </value>
            </param>
          </params>
        </test-method>
        <test-method is-config="true" signature="initialiseElements()" started-at="2019-11-25T16:14:03Z" name="initialiseElements" finished-at="2019-11-25T16:14:03Z" duration-ms="0" status="PASS">
        </test-method>
        <test-method signature="verifyPasswordCase2()" started-at="2019-11-25T16:14:03Z" name="verifyPasswordCase2" finished-at="2019-11-25T16:14:04Z" duration-ms="270" status="PASS">
        </test-method>
        <test-method is-config="true" signature="tearDownMethod(org.testng.ITestResult)" started-at="2019-11-25T16:14:04Z" name="tearDownMethod" finished-at="2019-11-25T16:14:04Z" duration-ms="342" status="PASS">
          <params>
            <param index="0">
              <value>
                <![CDATA[[TestResult: verifyPasswordCase2 STATUS:SUCCESS METHOD:com.gmail.testcases.GmailLoginTestcases.verifyPasswordCase2()]
]]>
              </value>
            </param>
          </params>
        </test-method>
        <test-method is-config="true" signature="tearDown()" started-at="2019-11-25T16:14:04Z" name="tearDown" finished-at="2019-11-25T16:14:05Z" duration-ms="657" status="PASS">
        </test-method>
      </class>
    </test>
  </suite>
</testng-results>
